0 info it worked if it ends with ok
1 verbose cli [ '/usr/local/Cellar/node/0.10.1/bin/node',
1 verbose cli   '/usr/local/bin/npm',
1 verbose cli   'update' ]
2 info using npm@1.2.15
3 info using node@v0.10.1
4 verbose read json /Users/danielbreczinski/Desktop/working_code/text_nil/package.json
5 verbose read json /Users/danielbreczinski/Desktop/working_code/text_nil/node_modules/async/package.json
6 verbose read json /Users/danielbreczinski/Desktop/working_code/text_nil/node_modules/express/package.json
7 verbose read json /Users/danielbreczinski/Desktop/working_code/text_nil/node_modules/haml/package.json
8 verbose read json /Users/danielbreczinski/Desktop/working_code/text_nil/node_modules/jade/package.json
9 verbose read json /Users/danielbreczinski/Desktop/working_code/text_nil/node_modules/mocha/package.json
10 verbose read json /Users/danielbreczinski/Desktop/working_code/text_nil/node_modules/mongodb/package.json
11 verbose read json /Users/danielbreczinski/Desktop/working_code/text_nil/node_modules/mongoose/package.json
12 verbose read json /Users/danielbreczinski/Desktop/working_code/text_nil/node_modules/nodemon/package.json
13 verbose read json /Users/danielbreczinski/Desktop/working_code/text_nil/node_modules/superagent/package.json
14 verbose read json /Users/danielbreczinski/Desktop/working_code/text_nil/node_modules/underscore/package.json
15 verbose read json /Users/danielbreczinski/Desktop/working_code/text_nil/node_modules/vows/package.json
16 info outdated updating undefined
17 error Failed to parse json
17 error Unexpected string
18 error File: /Users/danielbreczinski/Desktop/working_code/text_nil/package.json
19 error Failed to parse package.json data.
19 error package.json must be actual JSON, not just JavaScript.
19 error
19 error This is not a bug in npm.
19 error Tell the package author to fix their package.json file. JSON.parse
20 error System Darwin 12.4.0
21 error command "/usr/local/Cellar/node/0.10.1/bin/node" "/usr/local/bin/npm" "update"
22 error cwd /Users/danielbreczinski/Desktop/working_code/text_nil
23 error node -v v0.10.1
24 error npm -v 1.2.15
25 error file /Users/danielbreczinski/Desktop/working_code/text_nil/package.json
26 error code EJSONPARSE
27 verbose exit [ 1, true ]
